
/home/runner/work/exp-flow-pipes-series-iitb/exp-flow-pipes-series-iitb/experiment/simulation/common_libraries/js/ts_components/collapse_step.js
   1:10  warning  'show_step' is defined but never used                 no-unused-vars
   2:5   warning  '$' is not defined                                    no-undef
   3:9   warning  '$' is not defined                                    no-undef
   6:10  warning  'hide_step' is defined but never used                 no-unused-vars
   7:5   warning  '$' is not defined                                    no-undef
   8:9   warning  '$' is not defined                                    no-undef
  11:10  warning  'get_collapse_btn_text' is defined but never used     no-unused-vars
  20:10  warning  'get_collapse_btn_element' is defined but never used  no-unused-vars
  29:10  warning  'hide_all_steps' is defined but never used            no-unused-vars
  31:9   warning  '$' is not defined                                    no-undef

/home/runner/work/exp-flow-pipes-series-iitb/exp-flow-pipes-series-iitb/experiment/simulation/common_libraries/js/ts_components/matrix.js
   27:26  warning  'MathJax' is not defined                                no-undef
   32:7   warning  'Matrix_Without_String' is defined but never used       no-unused-vars
   52:26  warning  'MathJax' is not defined                                no-undef
   56:10  warning  'get_matrix_html' is defined but never used             no-unused-vars
   87:13  warning  'row_html' is assigned a value but never used           no-unused-vars
   99:10  warning  'get_matrix_html_with_title' is defined but never used  no-unused-vars
  131:13  warning  'row_html' is assigned a value but never used           no-unused-vars
  143:10  warning  'convert_2d_to_1d_vector' is defined but never used     no-unused-vars
  156:10  warning  'convert_1d_to_2d_matrix' is defined but never used     no-unused-vars

/home/runner/work/exp-flow-pipes-series-iitb/exp-flow-pipes-series-iitb/experiment/simulation/common_libraries/js/ts_components/pannel.js
  8:7  warning  'Pannel' is defined but never used  no-unused-vars

/home/runner/work/exp-flow-pipes-series-iitb/exp-flow-pipes-series-iitb/experiment/simulation/common_libraries/js/ts_components/questions.js
   6:17  warning  'op1' is assigned a value but never used      no-unused-vars
   7:17  warning  'op2' is assigned a value but never used      no-unused-vars
   8:17  warning  'op3' is assigned a value but never used      no-unused-vars
   9:17  warning  'op4' is assigned a value but never used      no-unused-vars
  94:7   warning  'Question_Options' is defined but never used  no-unused-vars

/home/runner/work/exp-flow-pipes-series-iitb/exp-flow-pipes-series-iitb/experiment/simulation/common_libraries/js/ts_components/tables.js
   19:22  warning  'verify_values' is not defined                                     no-undef
  137:22  warning  'verify_values' is not defined                                     no-undef
  260:7   warning  'Verify_Rows_Cols_6_decimal_places' is defined but never used      no-unused-vars
  311:22  warning  'verify_values' is not defined                                     no-undef
  416:7   warning  'Verify_Rows_Cols_Custom_Fixed_Update1' is defined but never used  no-unused-vars
  468:7   warning  'Show_Table_Custom_Fixed' is defined but never used                no-unused-vars
  506:7   warning  'Verify_Rows_Cols_Strings' is defined but never used               no-unused-vars
  527:22  warning  'verify_values' is not defined                                     no-undef
  663:7   warning  'Display_Table' is defined but never used                          no-unused-vars

/home/runner/work/exp-flow-pipes-series-iitb/exp-flow-pipes-series-iitb/experiment/simulation/common_libraries/js/ts_math_library/general_math_functions.js
    1:10  warning  'verify_values' is defined but never used                   no-unused-vars
   17:10  warning  'random1' is defined but never used                         no-unused-vars
   21:10  warning  'std_deviation' is defined but never used                   no-unused-vars
   26:10  warning  'gauss' is defined but never used                           no-unused-vars
   56:10  warning  'hide_panel' is defined but never used                      no-unused-vars
   63:10  warning  'inverse_matrix' is defined but never used                  no-unused-vars
   96:10  warning  'matrix_multiplication' is defined but never used           no-unused-vars
  113:10  warning  'transpose_matrix' is defined but never used                no-unused-vars
  123:10  warning  'matrix_multiplication_8decimal' is defined but never used  no-unused-vars
  140:10  warning  'adjoint_2x2_matrix' is defined but never used              no-unused-vars
  145:10  warning  'find_deteminant' is defined but never used                 no-unused-vars
  174:10  warning  'get_Submatrix' is defined but never used                   no-unused-vars

/home/runner/work/exp-flow-pipes-series-iitb/exp-flow-pipes-series-iitb/experiment/simulation/common_libraries/js/ts_math_library/regression.js
   1:10  warning  'regression_linear' is defined but never used            no-unused-vars
  18:10  warning  'regression_linear_1variable' is defined but never used  no-unused-vars
  27:10  warning  'regression_linear_2variable' is defined but never used  no-unused-vars
  52:11  warning  'gauss' is not defined                                   no-undef

/home/runner/work/exp-flow-pipes-series-iitb/exp-flow-pipes-series-iitb/experiment/simulation/common_libraries/math.ob.js
  1:745  warning  'b' is already defined  no-redeclare

/home/runner/work/exp-flow-pipes-series-iitb/exp-flow-pipes-series-iitb/experiment/simulation/js/activity1.js
   19:24   warning  'MathJax' is not defined                no-undef
   22:10   warning  'start_act1' is defined but never used  no-unused-vars
   27:20   warning  'get_collapse_btn_text' is not defined  no-undef
   32:63   warning  'H' is not defined                      no-undef
   33:31   warning  'L1' is not defined                     no-undef
   33:109  warning  'L2' is not defined                     no-undef
   33:187  warning  'L3' is not defined                     no-undef
   34:31   warning  'd1' is not defined                     no-undef
   34:86   warning  'd2' is not defined                     no-undef
   34:141  warning  'd3' is not defined                     no-undef
   95:5    warning  'hide_all_steps' is not defined         no-undef
   96:24   warning  'show_step' is not defined              no-undef
   97:24   warning  'MathJax' is not defined                no-undef
  101:5    warning  'A1' is not defined                     no-undef
  101:35   warning  'd1_cal' is not defined                 no-undef
  102:5    warning  'A2' is not defined                     no-undef
  102:35   warning  'd2_cal' is not defined                 no-undef
  103:5    warning  'A3' is not defined                     no-undef
  103:35   warning  'd3_cal' is not defined                 no-undef
  104:5    warning  'r1' is not defined                     no-undef
  104:10   warning  'A1' is not defined                     no-undef
  104:15   warning  'A2' is not defined                     no-undef
  105:5    warning  'r2' is not defined                     no-undef
  105:10   warning  'A1' is not defined                     no-undef
  105:15   warning  'A3' is not defined                     no-undef
  106:5    warning  'z' is not defined                      no-undef
  106:20   warning  'g' is not defined                      no-undef
  106:31   warning  'f' is not defined                      no-undef
  106:35   warning  'L1' is not defined                     no-undef
  106:46   warning  'g' is not defined                      no-undef
  106:50   warning  'd1_cal' is not defined                 no-undef
  106:78   warning  'r1' is not defined                     no-undef
  106:93   warning  'g' is not defined                      no-undef
  106:105  warning  'f' is not defined                      no-undef
  106:109  warning  'L2' is not defined                     no-undef
  106:123  warning  'r1' is not defined                     no-undef
  106:138  warning  'g' is not defined                      no-undef
  106:142  warning  'd2_cal' is not defined                 no-undef
  106:164  warning  'r1' is not defined                     no-undef
  106:169  warning  'r2' is not defined                     no-undef
  106:185  warning  'g' is not defined                      no-undef
  106:196  warning  'f' is not defined                      no-undef
  106:200  warning  'L3' is not defined                     no-undef
  106:214  warning  'r2' is not defined                     no-undef
  106:229  warning  'g' is not defined                      no-undef
  106:233  warning  'd3_cal' is not defined                 no-undef
  106:253  warning  'r2' is not defined                     no-undef
  106:267  warning  'g' is not defined                      no-undef
  107:5    warning  'v1' is not defined                     no-undef
  107:20   warning  'H' is not defined                      no-undef
  107:24   warning  'z' is not defined                      no-undef
  108:5    warning  'Q' is not defined                      no-undef
  108:9    warning  'A1' is not defined                     no-undef
  108:14   warning  'v1' is not defined                     no-undef
  109:5    warning  'Q_lit' is not defined                  no-undef
  109:13   warning  'Q' is not defined                      no-undef
  111:10   warning  'verify0' is defined but never used     no-unused-vars
  113:26   warning  'A1' is not defined                     no-undef
  114:26   warning  'A2' is not defined                     no-undef
  115:26   warning  'A3' is not defined                     no-undef
  116:26   warning  'r1' is not defined                     no-undef
  117:26   warning  'r2' is not defined                     no-undef
  118:25   warning  'z' is not defined                      no-undef
  119:26   warning  'v1' is not defined                     no-undef
  120:25   warning  'Q' is not defined                      no-undef
  121:34   warning  'Q_lit' is not defined                  no-undef
  134:10   warning  'verify_values' is not defined          no-undef
  134:82   warning  'A1' is not defined                     no-undef
  138:10   warning  'verify_values' is not defined          no-undef
  138:82   warning  'A2' is not defined                     no-undef
  142:10   warning  'verify_values' is not defined          no-undef
  142:82   warning  'A3' is not defined                     no-undef
  146:10   warning  'verify_values' is not defined          no-undef
  146:82   warning  'v1' is not defined                     no-undef
  150:10   warning  'verify_values' is not defined          no-undef
  150:82   warning  'Q' is not defined                      no-undef
  154:10   warning  'verify_values' is not defined          no-undef
  154:82   warning  'Q_lit' is not defined                  no-undef
  160:25   warning  'A1' is not defined                     no-undef
  162:25   warning  'A2' is not defined                     no-undef
  164:25   warning  'A3' is not defined                     no-undef
  166:25   warning  'v1' is not defined                     no-undef
  168:25   warning  'Q' is not defined                      no-undef
  170:25   warning  'Q_lit' is not defined                  no-undef
  173:5    warning  'activity2' is not defined              no-undef

/home/runner/work/exp-flow-pipes-series-iitb/exp-flow-pipes-series-iitb/experiment/simulation/js/activity2.js
   1:10   warning  'activity2' is defined but never used   no-unused-vars
  16:5    warning  'maindiv' is not defined                no-undef
  17:24   warning  'MathJax' is not defined                no-undef
  19:10   warning  'start_act2' is defined but never used  no-unused-vars
  24:20   warning  'get_collapse_btn_text' is not defined  no-undef
  30:31   warning  'L1' is not defined                     no-undef
  30:109  warning  'L2' is not defined                     no-undef
  30:187  warning  'L3' is not defined                     no-undef
  31:31   warning  'd1' is not defined                     no-undef
  31:86   warning  'd2' is not defined                     no-undef
  31:141  warning  'd3' is not defined                     no-undef
  56:5    warning  'maindiv' is not defined                no-undef
  58:24   warning  'show_step' is not defined              no-undef
  59:24   warning  'MathJax' is not defined                no-undef
  62:5    warning  'L' is not defined                      no-undef
  62:9    warning  'L1' is not defined                     no-undef
  62:14   warning  'L2' is not defined                     no-undef
  62:19   warning  'L3' is not defined                     no-undef
  63:19   warning  'L1' is not defined                     no-undef
  63:33   warning  'd1_cal' is not defined                 no-undef
  63:48   warning  'L2' is not defined                     no-undef
  63:62   warning  'd2_cal' is not defined                 no-undef
  63:77   warning  'L3' is not defined                     no-undef
  63:91   warning  'd3_cal' is not defined                 no-undef
  64:5    warning  'd' is not defined                      no-undef
  64:19   warning  'L' is not defined                      no-undef
  66:10   warning  'verify1' is defined but never used     no-unused-vars
  68:25   warning  'L' is not defined                      no-undef
  70:25   warning  'd' is not defined                      no-undef
  73:10   warning  'verify_values' is not defined          no-undef
  73:82   warning  'd' is not defined                      no-undef
  79:25   warning  'd' is not defined                      no-undef

/home/runner/work/exp-flow-pipes-series-iitb/exp-flow-pipes-series-iitb/experiment/simulation/js/data.js
   2:5  warning  'g' is assigned a value but never used       no-unused-vars
   4:5  warning  'H' is assigned a value but never used       no-unused-vars
   5:5  warning  'L1' is assigned a value but never used      no-unused-vars
   6:5  warning  'L2' is assigned a value but never used      no-unused-vars
   7:5  warning  'L3' is assigned a value but never used      no-unused-vars
  11:5  warning  'd1_cal' is assigned a value but never used  no-unused-vars
  12:5  warning  'd2_cal' is assigned a value but never used  no-unused-vars
  13:5  warning  'd3_cal' is assigned a value but never used  no-unused-vars
  14:5  warning  'f' is assigned a value but never used       no-unused-vars
  15:5  warning  'A1' is assigned a value but never used      no-unused-vars
  16:5  warning  'A2' is assigned a value but never used      no-unused-vars
  17:5  warning  'A3' is assigned a value but never used      no-unused-vars
  18:5  warning  'v1' is assigned a value but never used      no-unused-vars
  19:5  warning  'r1' is assigned a value but never used      no-unused-vars
  20:5  warning  'r2' is assigned a value but never used      no-unused-vars
  21:5  warning  'z' is assigned a value but never used       no-unused-vars
  22:5  warning  'Q' is assigned a value but never used       no-unused-vars
  23:5  warning  'Q_lit' is assigned a value but never used   no-unused-vars
  25:5  warning  'L' is assigned a value but never used       no-unused-vars
  26:5  warning  'd' is assigned a value but never used       no-unused-vars

✖ 188 problems (0 errors, 188 warnings)

